{"numFailedTestSuites":0,"numFailedTests":0,"numPassedTestSuites":11,"numPassedTests":76,"numPendingTestSuites":0,"numPendingTests":0,"numRuntimeErrorTestSuites":0,"numTodoTests":0,"numTotalTestSuites":11,"numTotalTests":76,"openHandles":[],"snapshot":{"added":0,"didUpdate":false,"failure":false,"filesAdded":0,"filesRemoved":0,"filesRemovedList":[],"filesUnmatched":0,"filesUpdated":0,"matched":0,"total":0,"unchecked":0,"uncheckedKeysByFile":[],"unmatched":0,"updated":0},"startTime":1784127365499,"success":true,"testResults":[{"assertionResults":[{"ancestorTitles":["WorkoutSessionExerciseCard"],"duration":82,"failureDetails":[],"failureMessages":[],"fullName":"WorkoutSessionExerciseCard renders premium coaching sections from exercise metadata","invocations":1,"location":null,"numPassingAsserts":6,"retryReasons":[],"status":"passed","title":"renders premium coaching sections from exercise metadata"}],"endTime":1784127368298,"message":"","name":"C:\\PROJECTS\\EVOLVE\\app\\src\\features\\workout\\components\\__tests__\\WorkoutSessionExerciseCard.test.tsx","startTime":1784127365936,"status":"passed","summary":""},{"assertionResults":[{"ancestorTitles":["useActiveWorkoutSession"],"duration":13,"failureDetails":[],"failureMessages":[],"fullName":"useActiveWorkoutSession completes a set optimistically — one saveSet call, no follow-up getSession","invocations":1,"location":null,"numPassingAsserts":5,"retryReasons":[],"status":"passed","title":"completes a set optimistically — one saveSet call, no follow-up getSession"},{"ancestorTitles":["useActiveWorkoutSession"],"duration":59,"failureDetails":[],"failureMessages":[],"fullName":"useActiveWorkoutSession fetches the session via getSession when no initialSession is supplied","invocations":1,"location":null,"numPassingAsserts":3,"retryReasons":[],"status":"passed","title":"fetches the session via getSession when no initialSession is supplied"},{"ancestorTitles":["useActiveWorkoutSession"],"duration":2,"failureDetails":[],"failureMessages":[],"fullName":"useActiveWorkoutSession reconciles via getSession when a save fails","invocations":1,"location":null,"numPassingAsserts":3,"retryReasons":[],"status":"passed","title":"reconciles via getSession when a save fails"},{"ancestorTitles":["useActiveWorkoutSession"],"duration":1,"failureDetails":[],"failureMessages":[],"fullName":"useActiveWorkoutSession rejects an empty rep count without calling saveSet","invocations":1,"location":null,"numPassingAsserts":3,"retryReasons":[],"status":"passed","title":"rejects an empty rep count without calling saveSet"},{"ancestorTitles":["useActiveWorkoutSession"],"duration":2,"failureDetails":[],"failureMessages":[],"fullName":"useActiveWorkoutSession exposes rest timer controls (skip, +10s, -10s) after completing a set","invocations":1,"location":null,"numPassingAsserts":5,"retryReasons":[],"status":"passed","title":"exposes rest timer controls (skip, +10s, -10s) after completing a set"},{"ancestorTitles":["useActiveWorkoutSession"],"duration":1,"failureDetails":[],"failureMessages":[],"fullName":"useActiveWorkoutSession undoes a completed set and cancels the rest timer","invocations":1,"location":null,"numPassingAsserts":6,"retryReasons":[],"status":"passed","title":"undoes a completed set and cancels the rest timer"},{"ancestorTitles":["useActiveWorkoutSession"],"duration":1,"failureDetails":[],"failureMessages":[],"fullName":"useActiveWorkoutSession finishes the workout and returns a summary","invocations":1,"location":null,"numPassingAsserts":1,"retryReasons":[],"status":"passed","title":"finishes the workout and returns a summary"}],"endTime":1784127368830,"message":"","name":"C:\\PROJECTS\\EVOLVE\\app\\src\\features\\workout\\hooks\\__tests__\\useActiveWorkoutSession.test.ts","startTime":1784127368316,"status":"passed","summary":""},{"assertionResults":[{"ancestorTitles":["useWorkout"],"duration":56,"failureDetails":[],"failureMessages":[],"fullName":"useWorkout loads today's workout from the given service","invocations":1,"location":null,"numPassingAsserts":4,"retryReasons":[],"status":"passed","title":"loads today's workout from the given service"},{"ancestorTitles":["useWorkout"],"duration":57,"failureDetails":[],"failureMessages":[],"fullName":"useWorkout surfaces a WorkoutServiceError message and stops loading without a workout","invocations":1,"location":null,"numPassingAsserts":3,"retryReasons":[],"status":"passed","title":"surfaces a WorkoutServiceError message and stops loading without a workout"}],"endTime":1784127369220,"message":"","name":"C:\\PROJECTS\\EVOLVE\\app\\src\\features\\workout\\hooks\\__tests__\\useWorkout.test.ts","startTime":1784127368838,"status":"passed","summary":""},{"assertionResults":[{"ancestorTitles":["workoutService architecture"],"duration":1,"failureDetails":[],"failureMessages":[],"fullName":"workoutService architecture defaults to the mock provider","invocations":1,"location":null,"numPassingAsserts":1,"retryReasons":[],"status":"passed","title":"defaults to the mock provider"},{"ancestorTitles":["workoutService architecture"],"duration":1,"failureDetails":[],"failureMessages":[],"fullName":"workoutService architecture returns today's seeded workout snapshot","invocations":1,"location":null,"numPassingAsserts":8,"retryReasons":[],"status":"passed","title":"returns today's seeded workout snapshot"},{"ancestorTitles":["workoutService architecture"],"duration":1,"failureDetails":[],"failureMessages":[],"fullName":"workoutService architecture returns a fresh object on each mock fetch","invocations":1,"location":null,"numPassingAsserts":2,"retryReasons":[],"status":"passed","title":"returns a fresh object on each mock fetch"},{"ancestorTitles":["workoutService architecture"],"duration":0,"failureDetails":[],"failureMessages":[],"fullName":"workoutService architecture starts, logs sets, and finishes a workout session","invocations":1,"location":null,"numPassingAsserts":3,"retryReasons":[],"status":"passed","title":"starts, logs sets, and finishes a workout session"},{"ancestorTitles":["workoutService architecture"],"duration":0,"failureDetails":[],"failureMessages":[],"fullName":"workoutService architecture exposes a backend provider distinct from the mock provider","invocations":1,"location":null,"numPassingAsserts":2,"retryReasons":[],"status":"passed","title":"exposes a backend provider distinct from the mock provider"},{"ancestorTitles":["workoutService architecture"],"duration":0,"failureDetails":[],"failureMessages":[],"fullName":"workoutService architecture defaults to the backend provider when no override is given","invocations":1,"location":null,"numPassingAsserts":1,"retryReasons":[],"status":"passed","title":"defaults to the backend provider when no override is given"}],"endTime":1784127369460,"message":"","name":"C:\\PROJECTS\\EVOLVE\\app\\src\\features\\workout\\services\\__tests__\\workoutService.test.ts","startTime":1784127369228,"status":"passed","summary":""},{"assertionResults":[{"ancestorTitles":["useRestTimer"],"duration":3,"failureDetails":[],"failureMessages":[],"fullName":"useRestTimer counts down automatically from the given duration","invocations":1,"location":null,"numPassingAsserts":5,"retryReasons":[],"status":"passed","title":"counts down automatically from the given duration"},{"ancestorTitles":["useRestTimer"],"duration":1,"failureDetails":[],"failureMessages":[],"fullName":"useRestTimer falls back to the default duration when none is prescribed","invocations":1,"location":null,"numPassingAsserts":1,"retryReasons":[],"status":"passed","title":"falls back to the default duration when none is prescribed"},{"ancestorTitles":["useRestTimer"],"duration":1,"failureDetails":[],"failureMessages":[],"fullName":"useRestTimer fires onComplete and goes idle when the countdown reaches zero","invocations":1,"location":null,"numPassingAsserts":3,"retryReasons":[],"status":"passed","title":"fires onComplete and goes idle when the countdown reaches zero"},{"ancestorTitles":["useRestTimer"],"duration":1,"failureDetails":[],"failureMessages":[],"fullName":"useRestTimer skip stops the countdown immediately and fires onSkip, not onComplete","invocations":1,"location":null,"numPassingAsserts":4,"retryReasons":[],"status":"passed","title":"skip stops the countdown immediately and fires onSkip, not onComplete"},{"ancestorTitles":["useRestTimer"],"duration":1,"failureDetails":[],"failureMessages":[],"fullName":"useRestTimer +10s extends the remaining time and grows the total","invocations":1,"location":null,"numPassingAsserts":3,"retryReasons":[],"status":"passed","title":"+10s extends the remaining time and grows the total"},{"ancestorTitles":["useRestTimer"],"duration":1,"failureDetails":[],"failureMessages":[],"fullName":"useRestTimer -10s shortens the remaining time without changing the total","invocations":1,"location":null,"numPassingAsserts":2,"retryReasons":[],"status":"passed","title":"-10s shortens the remaining time without changing the total"},{"ancestorTitles":["useRestTimer"],"duration":6,"failureDetails":[],"failureMessages":[],"fullName":"useRestTimer -10s past zero ends the rest and fires onComplete","invocations":1,"location":null,"numPassingAsserts":3,"retryReasons":[],"status":"passed","title":"-10s past zero ends the rest and fires onComplete"},{"ancestorTitles":["useRestTimer"],"duration":1,"failureDetails":[],"failureMessages":[],"fullName":"useRestTimer is a no-op when adjusting or skipping while idle","invocations":1,"location":null,"numPassingAsserts":2,"retryReasons":[],"status":"passed","title":"is a no-op when adjusting or skipping while idle"}],"endTime":1784127369704,"message":"","name":"C:\\PROJECTS\\EVOLVE\\app\\src\\features\\workout\\hooks\\__tests__\\useRestTimer.test.ts","startTime":1784127369469,"status":"passed","summary":""},{"assertionResults":[{"ancestorTitles":["useSetUndo"],"duration":2,"failureDetails":[],"failureMessages":[],"fullName":"useSetUndo offers undo and dismisses after the window expires","invocations":1,"location":null,"numPassingAsserts":4,"retryReasons":[],"status":"passed","title":"offers undo and dismisses after the window expires"},{"ancestorTitles":["useSetUndo"],"duration":1,"failureDetails":[],"failureMessages":[],"fullName":"useSetUndo dismisses undo immediately when requested","invocations":1,"location":null,"numPassingAsserts":1,"retryReasons":[],"status":"passed","title":"dismisses undo immediately when requested"}],"endTime":1784127369934,"message":"","name":"C:\\PROJECTS\\EVOLVE\\app\\src\\features\\workout\\hooks\\__tests__\\useSetUndo.test.ts","startTime":1784127369712,"status":"passed","summary":""},{"assertionResults":[{"ancestorTitles":["backendWorkoutService"],"duration":1,"failureDetails":[],"failureMessages":[],"fullName":"backendWorkoutService has the backend provider id","invocations":1,"location":null,"numPassingAsserts":1,"retryReasons":[],"status":"passed","title":"has the backend provider id"},{"ancestorTitles":["backendWorkoutService","getTodayWorkout"],"duration":1,"failureDetails":[],"failureMessages":[],"fullName":"backendWorkoutService getTodayWorkout maps a training_day preview into a Workout","invocations":1,"location":null,"numPassingAsserts":5,"retryReasons":[],"status":"passed","title":"maps a training_day preview into a Workout"},{"ancestorTitles":["backendWorkoutService","getTodayWorkout"],"duration":3,"failureDetails":[],"failureMessages":[],"fullName":"backendWorkoutService getTodayWorkout throws a WorkoutServiceError describing a rest day","invocations":1,"location":null,"numPassingAsserts":2,"retryReasons":[],"status":"passed","title":"throws a WorkoutServiceError describing a rest day"},{"ancestorTitles":["backendWorkoutService","getTodayWorkout"],"duration":0,"failureDetails":[],"failureMessages":[],"fullName":"backendWorkoutService getTodayWorkout wraps ApiError failures as WorkoutServiceError","invocations":1,"location":null,"numPassingAsserts":1,"retryReasons":[],"status":"passed","title":"wraps ApiError failures as WorkoutServiceError"},{"ancestorTitles":["backendWorkoutService","getWorkout"],"duration":0,"failureDetails":[],"failureMessages":[],"fullName":"backendWorkoutService getWorkout returns a mapped Workout for a known id","invocations":1,"location":null,"numPassingAsserts":1,"retryReasons":[],"status":"passed","title":"returns a mapped Workout for a known id"},{"ancestorTitles":["backendWorkoutService","getWorkout"],"duration":0,"failureDetails":[],"failureMessages":[],"fullName":"backendWorkoutService getWorkout returns null for a 404","invocations":1,"location":null,"numPassingAsserts":1,"retryReasons":[],"status":"passed","title":"returns null for a 404"},{"ancestorTitles":["backendWorkoutService","getSession"],"duration":1,"failureDetails":[],"failureMessages":[],"fullName":"backendWorkoutService getSession loads a session by id and maps it using cached display metadata","invocations":1,"location":null,"numPassingAsserts":3,"retryReasons":[],"status":"passed","title":"loads a session by id and maps it using cached display metadata"},{"ancestorTitles":["backendWorkoutService","getSession"],"duration":1,"failureDetails":[],"failureMessages":[],"fullName":"backendWorkoutService getSession returns null for a missing session","invocations":1,"location":null,"numPassingAsserts":1,"retryReasons":[],"status":"passed","title":"returns null for a missing session"},{"ancestorTitles":["backendWorkoutService","getActiveSession"],"duration":0,"failureDetails":[],"failureMessages":[],"fullName":"backendWorkoutService getActiveSession returns null when there is no in-progress session","invocations":1,"location":null,"numPassingAsserts":1,"retryReasons":[],"status":"passed","title":"returns null when there is no in-progress session"},{"ancestorTitles":["backendWorkoutService","getActiveSession"],"duration":1,"failureDetails":[],"failureMessages":[],"fullName":"backendWorkoutService getActiveSession maps the active session when one exists","invocations":1,"location":null,"numPassingAsserts":2,"retryReasons":[],"status":"passed","title":"maps the active session when one exists"},{"ancestorTitles":["backendWorkoutService","startWorkout / finishWorkout"],"duration":0,"failureDetails":[],"failureMessages":[],"fullName":"backendWorkoutService startWorkout / finishWorkout starts a session and attaches the cached program_assignment_id from the last preview","invocations":1,"location":null,"numPassingAsserts":4,"retryReasons":[],"status":"passed","title":"starts a session and attaches the cached program_assignment_id from the last preview"},{"ancestorTitles":["backendWorkoutService","startWorkout / finishWorkout"],"duration":1,"failureDetails":[],"failureMessages":[],"fullName":"backendWorkoutService startWorkout / finishWorkout finishes a session and maps the summary using cached display metadata","invocations":1,"location":null,"numPassingAsserts":3,"retryReasons":[],"status":"passed","title":"finishes a session and maps the summary using cached display metadata"},{"ancestorTitles":["backendWorkoutService","saveSet"],"duration":0,"failureDetails":[],"failureMessages":[],"fullName":"backendWorkoutService saveSet creates a set when the local set id is a placeholder, returning the server-confirmed result","invocations":1,"location":null,"numPassingAsserts":2,"retryReasons":[],"status":"passed","title":"creates a set when the local set id is a placeholder, returning the server-confirmed result"},{"ancestorTitles":["backendWorkoutService","saveSet"],"duration":1,"failureDetails":[],"failureMessages":[],"fullName":"backendWorkoutService saveSet does nothing for an un-completed placeholder set","invocations":1,"location":null,"numPassingAsserts":2,"retryReasons":[],"status":"passed","title":"does nothing for an un-completed placeholder set"},{"ancestorTitles":["backendWorkoutService","saveSet"],"duration":0,"failureDetails":[],"failureMessages":[],"fullName":"backendWorkoutService saveSet updates an existing logged set by its real backend id, returning the server-confirmed result","invocations":1,"location":null,"numPassingAsserts":2,"retryReasons":[],"status":"passed","title":"updates an existing logged set by its real backend id, returning the server-confirmed result"},{"ancestorTitles":["backendWorkoutService","saveSet"],"duration":1,"failureDetails":[],"failureMessages":[],"fullName":"backendWorkoutService saveSet deletes a logged set when un-completing it, returning null","invocations":1,"location":null,"numPassingAsserts":2,"retryReasons":[],"status":"passed","title":"deletes a logged set when un-completing it, returning null"},{"ancestorTitles":["backendWorkoutService","skipExercise"],"duration":0,"failureDetails":[],"failureMessages":[],"fullName":"backendWorkoutService skipExercise delegates to the skip-exercise endpoint","invocations":1,"location":null,"numPassingAsserts":1,"retryReasons":[],"status":"passed","title":"delegates to the skip-exercise endpoint"},{"ancestorTitles":["backendWorkoutService","getHistory"],"duration":0,"failureDetails":[],"failureMessages":[],"fullName":"backendWorkoutService getHistory fetches completed session summaries then their full details","invocations":1,"location":null,"numPassingAsserts":3,"retryReasons":[],"status":"passed","title":"fetches completed session summaries then their full details"}],"endTime":1784127370154,"message":"","name":"C:\\PROJECTS\\EVOLVE\\app\\src\\features\\workout\\providers\\__tests__\\BackendWorkoutService.test.ts","startTime":1784127369941,"status":"passed","summary":""},{"assertionResults":[{"ancestorTitles":["enrichExercise"],"duration":1,"failureDetails":[],"failureMessages":[],"fullName":"enrichExercise applies metadata enrichment for known catalog exercises","invocations":1,"location":null,"numPassingAsserts":4,"retryReasons":[],"status":"passed","title":"applies metadata enrichment for known catalog exercises"},{"ancestorTitles":["enrichExercise"],"duration":1,"failureDetails":[],"failureMessages":[],"fullName":"enrichExercise preserves existing metadata and falls back to safe defaults","invocations":1,"location":null,"numPassingAsserts":1,"retryReasons":[],"status":"passed","title":"preserves existing metadata and falls back to safe defaults"}],"endTime":1784127370341,"message":"","name":"C:\\PROJECTS\\EVOLVE\\app\\src\\features\\workout\\utils\\__tests__\\exerciseEnrichment.test.ts","startTime":1784127370170,"status":"passed","summary":""},{"assertionResults":[{"ancestorTitles":["mapMuscleGroupSlug"],"duration":0,"failureDetails":[],"failureMessages":[],"fullName":"mapMuscleGroupSlug maps known catalog slugs to the frontend union","invocations":1,"location":null,"numPassingAsserts":3,"retryReasons":[],"status":"passed","title":"maps known catalog slugs to the frontend union"},{"ancestorTitles":["mapMuscleGroupSlug"],"duration":0,"failureDetails":[],"failureMessages":[],"fullName":"mapMuscleGroupSlug falls back to core for unmapped or null slugs","invocations":1,"location":null,"numPassingAsserts":2,"retryReasons":[],"status":"passed","title":"falls back to core for unmapped or null slugs"},{"ancestorTitles":["mapEquipmentSlugs"],"duration":0,"failureDetails":[],"failureMessages":[],"fullName":"mapEquipmentSlugs prefers the primary lifting implement when multiple slugs are present","invocations":1,"location":null,"numPassingAsserts":1,"retryReasons":[],"status":"passed","title":"prefers the primary lifting implement when multiple slugs are present"},{"ancestorTitles":["mapEquipmentSlugs"],"duration":0,"failureDetails":[],"failureMessages":[],"fullName":"mapEquipmentSlugs falls back to bodyweight for unmapped or empty slug lists","invocations":1,"location":null,"numPassingAsserts":2,"retryReasons":[],"status":"passed","title":"falls back to bodyweight for unmapped or empty slug lists"},{"ancestorTitles":["mapExerciseCatalogRef"],"duration":0,"failureDetails":[],"failureMessages":[],"fullName":"mapExerciseCatalogRef maps a catalog ref into the frontend Exercise model","invocations":1,"location":null,"numPassingAsserts":4,"retryReasons":[],"status":"passed","title":"maps a catalog ref into the frontend Exercise model"},{"ancestorTitles":["mapExerciseCatalogRef"],"duration":0,"failureDetails":[],"failureMessages":[],"fullName":"mapExerciseCatalogRef supplies safe metadata defaults when the backend payload omits coaching fields","invocations":1,"location":null,"numPassingAsserts":1,"retryReasons":[],"status":"passed","title":"supplies safe metadata defaults when the backend payload omits coaching fields"},{"ancestorTitles":["mapExerciseCatalogRef"],"duration":0,"failureDetails":[],"failureMessages":[],"fullName":"mapExerciseCatalogRef honors a name override (used for historical exercise_name_snapshot)","invocations":1,"location":null,"numPassingAsserts":1,"retryReasons":[],"status":"passed","title":"honors a name override (used for historical exercise_name_snapshot)"},{"ancestorTitles":["mapWorkoutPublicToWorkout"],"duration":1,"failureDetails":[],"failureMessages":[],"fullName":"mapWorkoutPublicToWorkout maps a template into the frontend Workout, padding placeholder working sets to target_sets","invocations":1,"location":null,"numPassingAsserts":8,"retryReasons":[],"status":"passed","title":"maps a template into the frontend Workout, padding placeholder working sets to target_sets"},{"ancestorTitles":["mapWorkoutPublicToWorkout"],"duration":0,"failureDetails":[],"failureMessages":[],"fullName":"mapWorkoutPublicToWorkout orders exercises by order_index","invocations":1,"location":null,"numPassingAsserts":1,"retryReasons":[],"status":"passed","title":"orders exercises by order_index"},{"ancestorTitles":["mapPreviewToScheduleLabels"],"duration":0,"failureDetails":[],"failureMessages":[],"fullName":"mapPreviewToScheduleLabels builds labels from week/day numbers when a day_label is absent","invocations":1,"location":null,"numPassingAsserts":1,"retryReasons":[],"status":"passed","title":"builds labels from week/day numbers when a day_label is absent"},{"ancestorTitles":["mapPreviewToScheduleLabels"],"duration":0,"failureDetails":[],"failureMessages":[],"fullName":"mapPreviewToScheduleLabels prefers an explicit day_label when present","invocations":1,"location":null,"numPassingAsserts":1,"retryReasons":[],"status":"passed","title":"prefers an explicit day_label when present"},{"ancestorTitles":["mapWorkoutLogDetailToWorkoutSession"],"duration":0,"failureDetails":[],"failureMessages":[],"fullName":"mapWorkoutLogDetailToWorkoutSession pads un-logged sets as placeholders and maps logged sets as completed","invocations":1,"location":null,"numPassingAsserts":5,"retryReasons":[],"status":"passed","title":"pads un-logged sets as placeholders and maps logged sets as completed"},{"ancestorTitles":["mapWorkoutLogDetailToWorkoutSession"],"duration":0,"failureDetails":[],"failureMessages":[],"fullName":"mapWorkoutLogDetailToWorkoutSession maps skipped exercises through","invocations":1,"location":null,"numPassingAsserts":1,"retryReasons":[],"status":"passed","title":"maps skipped exercises through"},{"ancestorTitles":["mapWorkoutLogDetailToWorkoutSummary"],"duration":1,"failureDetails":[],"failureMessages":[],"fullName":"mapWorkoutLogDetailToWorkoutSummary counts logged vs prescribed sets and skipped exercises","invocations":1,"location":null,"numPassingAsserts":8,"retryReasons":[],"status":"passed","title":"counts logged vs prescribed sets and skipped exercises"},{"ancestorTitles":["mapWorkoutSetLogToSavedSetResult"],"duration":0,"failureDetails":[],"failureMessages":[],"fullName":"mapWorkoutSetLogToSavedSetResult converts decimal-as-string fields into numbers","invocations":1,"location":null,"numPassingAsserts":1,"retryReasons":[],"status":"passed","title":"converts decimal-as-string fields into numbers"},{"ancestorTitles":["mapWorkoutSetLogToSavedSetResult"],"duration":0,"failureDetails":[],"failureMessages":[],"fullName":"mapWorkoutSetLogToSavedSetResult passes through nulls untouched","invocations":1,"location":null,"numPassingAsserts":1,"retryReasons":[],"status":"passed","title":"passes through nulls untouched"},{"ancestorTitles":["mapWorkoutLogDetailToExerciseHistory"],"duration":1,"failureDetails":[],"failureMessages":[],"fullName":"mapWorkoutLogDetailToExerciseHistory builds one history entry per exercise with logged working sets","invocations":1,"location":null,"numPassingAsserts":5,"retryReasons":[],"status":"passed","title":"builds one history entry per exercise with logged working sets"},{"ancestorTitles":["mapWorkoutLogDetailToExerciseHistory"],"duration":0,"failureDetails":[],"failureMessages":[],"fullName":"mapWorkoutLogDetailToExerciseHistory skips exercises with no logged working sets","invocations":1,"location":null,"numPassingAsserts":1,"retryReasons":[],"status":"passed","title":"skips exercises with no logged working sets"}],"endTime":1784127370524,"message":"","name":"C:\\PROJECTS\\EVOLVE\\app\\src\\features\\workout\\utils\\__tests__\\backendWorkoutAdapters.test.ts","startTime":1784127370349,"status":"passed","summary":""},{"assertionResults":[{"ancestorTitles":["sessionSelectors"],"duration":0,"failureDetails":[],"failureMessages":[],"fullName":"sessionSelectors finds the first incomplete working set across exercises","invocations":1,"location":null,"numPassingAsserts":2,"retryReasons":[],"status":"passed","title":"finds the first incomplete working set across exercises"},{"ancestorTitles":["sessionSelectors"],"duration":0,"failureDetails":[],"failureMessages":[],"fullName":"sessionSelectors skips flagged exercises when locating the next set","invocations":1,"location":null,"numPassingAsserts":1,"retryReasons":[],"status":"passed","title":"skips flagged exercises when locating the next set"},{"ancestorTitles":["sessionSelectors"],"duration":0,"failureDetails":[],"failureMessages":[],"fullName":"sessionSelectors detects when every working set is complete","invocations":1,"location":null,"numPassingAsserts":2,"retryReasons":[],"status":"passed","title":"detects when every working set is complete"},{"ancestorTitles":["sessionSelectors"],"duration":0,"failureDetails":[],"failureMessages":[],"fullName":"sessionSelectors computes volume and completed exercise counts","invocations":1,"location":null,"numPassingAsserts":2,"retryReasons":[],"status":"passed","title":"computes volume and completed exercise counts"},{"ancestorTitles":["sessionSelectors"],"duration":0,"failureDetails":[],"failureMessages":[],"fullName":"sessionSelectors counts session-wide working sets while excluding skipped exercises","invocations":1,"location":null,"numPassingAsserts":2,"retryReasons":[],"status":"passed","title":"counts session-wide working sets while excluding skipped exercises"},{"ancestorTitles":["sessionSelectors"],"duration":1,"failureDetails":[],"failureMessages":[],"fullName":"sessionSelectors merges a saved set into the matching placeholder, swapping in the server id","invocations":1,"location":null,"numPassingAsserts":4,"retryReasons":[],"status":"passed","title":"merges a saved set into the matching placeholder, swapping in the server id"},{"ancestorTitles":["sessionSelectors"],"duration":0,"failureDetails":[],"failureMessages":[],"fullName":"sessionSelectors leaves the session unchanged when the exercise or set id does not match","invocations":1,"location":null,"numPassingAsserts":1,"retryReasons":[],"status":"passed","title":"leaves the session unchanged when the exercise or set id does not match"},{"ancestorTitles":["sessionSelectors"],"duration":1,"failureDetails":[],"failureMessages":[],"fullName":"sessionSelectors computes per-exercise set progress","invocations":1,"location":null,"numPassingAsserts":1,"retryReasons":[],"status":"passed","title":"computes per-exercise set progress"},{"ancestorTitles":["sessionSelectors"],"duration":0,"failureDetails":[],"failureMessages":[],"fullName":"sessionSelectors reverts a logged set back to its pre-completion snapshot","invocations":1,"location":null,"numPassingAsserts":1,"retryReasons":[],"status":"passed","title":"reverts a logged set back to its pre-completion snapshot"}],"endTime":1784127370711,"message":"","name":"C:\\PROJECTS\\EVOLVE\\app\\src\\features\\workout\\utils\\__tests__\\sessionSelectors.test.ts","startTime":1784127370533,"status":"passed","summary":""},{"assertionResults":[{"ancestorTitles":["summaryRouteParams"],"duration":1,"failureDetails":[],"failureMessages":[],"fullName":"summaryRouteParams round-trips a workout summary through route params","invocations":1,"location":null,"numPassingAsserts":1,"retryReasons":[],"status":"passed","title":"round-trips a workout summary through route params"},{"ancestorTitles":["summaryRouteParams"],"duration":1,"failureDetails":[],"failureMessages":[],"fullName":"summaryRouteParams returns null when required params are missing","invocations":1,"location":null,"numPassingAsserts":1,"retryReasons":[],"status":"passed","title":"returns null when required params are missing"},{"ancestorTitles":["summaryRouteParams"],"duration":0,"failureDetails":[],"failureMessages":[],"fullName":"summaryRouteParams round-trips notes when present","invocations":1,"location":null,"numPassingAsserts":1,"retryReasons":[],"status":"passed","title":"round-trips notes when present"}],"endTime":1784127370882,"message":"","name":"C:\\PROJECTS\\EVOLVE\\app\\src\\features\\workout\\utils\\__tests__\\summaryRouteParams.test.ts","startTime":1784127370719,"status":"passed","summary":""}],"wasInterrupted":false}
